#
# A fatal error has been detected by the Java Runtime Environment:
#
#  EXCEPTION_ACCESS_VIOLATION (0xc0000005) at pc=0x000000006e554979, pid=9060, tid=1456
#
# JRE version: Java(TM) SE Runtime Environment (7.0_67-b01) (build 1.7.0_67-b01)
# Java VM: Java HotSpot(TM) 64-Bit Server VM (24.65-b04 mixed mode windows-amd64 compressed oops)
# Problematic frame:
# V  [jvm.dll+0x54979]
#
# Failed to write core dump. Minidumps are not enabled by default on client versions of Windows
#
# If you would like to submit a bug report, please visit:
#   http://bugreport.sun.com/bugreport/crash.jsp
#

---------------  T H R E A D  ---------------

Current thread (0x000000000bf9a800):  JavaThread "JDWP Transport Listener: dt_socket" daemon [_thread_in_vm, id=1456, stack(0x000000000c430000,0x000000000c530000)]

siginfo: ExceptionCode=0xc0000005, reading address 0x000000000000000c

Registers:
RAX=0x000000000000000c, RBX=0x000000000bf9a800, RCX=0x0000000000000000, RDX=0x0000000000000000
RSP=0x000000000c52f4f0, RBP=0x000000000000000c, RSI=0x0000000000000000, RDI=0x0000000000000010
R8 =0x00000000d729d788, R9 =0x0000000000000000, R10=0x0000000000000000, R11=0x0000000000000001
R12=0x0000000000000000, R13=0x000000000a6e62e8, R14=0x0000000000000000, R15=0x0000000000000000
RIP=0x000000006e554979, EFLAGS=0x0000000000010246

Top of Stack: (sp=0x000000000c52f4f0)
0x000000000c52f4f0:   000000000bf9a800 0000000000000000
0x000000000c52f500:   0000000000000000 000000000bf9a800
0x000000000c52f510:   0000000000000000 000000006e61caa7
0x000000000c52f520:   00000000d729d788 000000000c52f640
0x000000000c52f530:   000000000bfa01a0 000000000c52f610
0x000000000c52f540:   000000000bf9a800 0000000000000000
0x000000000c52f550:   000000000bfa01a0 000000000c52f640
0x000000000c52f560:   0000000000000000 000000000a6e62e8
0x000000000c52f570:   0000000000000000 0000000066d87d15
0x000000000c52f580:   000000000c52f610 000000000c52f640
0x000000000c52f590:   000000000bfa01a0 000000000bf9a9e8
0x000000000c52f5a0:   000000000bfbda0a 0000000066d8f090
0x000000000c52f5b0:   000000000a010a01 000000000c52f6b0
0x000000000c52f5c0:   000000000a6e5f01 0000000000000000
0x000000000c52f5d0:   0000011a00000013 000000000a010a00
0x000000000c52f5e0:   0000000002142b10 000000006e68d3ba 

Instructions: (pc=0x000000006e554979)
0x000000006e554959:   d2 48 8b c5 eb 18 48 8b d0 48 8b c5 48 d3 e2 48
0x000000006e554969:   03 15 41 ff 69 00 eb 06 48 8b 12 48 8b c7 48 98
0x000000006e554979:   8b 14 10 85 d2 74 2a 45 84 db 4c 63 c6 48 0f 45
0x000000006e554989:   fd 8d 47 0b 48 63 c8 48 83 e1 f8 48 c1 e9 03 8d 


Register to memory mapping:

RAX=0x000000000000000c is an unknown value
RBX=0x000000000bf9a800 is a thread
RCX=0x0000000000000000 is an unknown value
RDX=0x0000000000000000 is an unknown value
RSP=0x000000000c52f4f0 is pointing into the stack for thread: 0x000000000bf9a800
RBP=0x000000000000000c is an unknown value
RSI=0x0000000000000000 is an unknown value
RDI=0x0000000000000010 is an unknown value
R8 =0x00000000d729d788 is an oop
java.lang.String 
 - klass: 'java/lang/String'
R9 =0x0000000000000000 is an unknown value
R10=0x0000000000000000 is an unknown value
R11=0x0000000000000001 is an unknown value
R12=0x0000000000000000 is an unknown value
R13=0x000000000a6e62e8 is an unknown value
R14=0x0000000000000000 is an unknown value
R15=0x0000000000000000 is an unknown value


Stack: [0x000000000c430000,0x000000000c530000],  sp=0x000000000c52f4f0,  free space=1021k
Native frames: (J=compiled Java code, j=interpreted, Vv=VM code, C=native code)
V  [jvm.dll+0x54979]


---------------  P R O C E S S  ---------------

Java Threads: ( => current thread )
  0x000000000bfb1000 JavaThread "Service Thread" daemon [_thread_blocked, id=8948, stack(0x000000000ccb0000,0x000000000cdb0000)]
  0x000000000bfb4000 JavaThread "C2 CompilerThread1" daemon [_thread_blocked, id=8768, stack(0x000000000ca30000,0x000000000cb30000)]
  0x000000000bfbb000 JavaThread "C2 CompilerThread0" daemon [_thread_blocked, id=7188, stack(0x000000000c550000,0x000000000c650000)]
  0x000000000bfa1800 JavaThread "JDWP Command Reader" daemon [_thread_in_native, id=7504, stack(0x000000000c870000,0x000000000c970000)]
  0x000000000bf9e800 JavaThread "JDWP Event Helper Thread" daemon [_thread_blocked, id=3976, stack(0x000000000c690000,0x000000000c790000)]
=>0x000000000bf9a800 JavaThread "JDWP Transport Listener: dt_socket" daemon [_thread_in_vm, id=1456, stack(0x000000000c430000,0x000000000c530000)]
  0x000000000a6eb800 JavaThread "Attach Listener" daemon [_thread_blocked, id=5532, stack(0x000000000be90000,0x000000000bf90000)]
  0x000000000a6e4800 JavaThread "Signal Dispatcher" daemon [_thread_blocked, id=8836, stack(0x000000000b8c0000,0x000000000b9c0000)]
  0x000000000a677800 JavaThread "Finalizer" daemon [_thread_blocked, id=9068, stack(0x000000000bba0000,0x000000000bca0000)]
  0x000000000a66e000 JavaThread "Reference Handler" daemon [_thread_blocked, id=4932, stack(0x000000000b9f0000,0x000000000baf0000)]
  0x00000000020ff000 JavaThread "main" [_thread_blocked, id=7696, stack(0x0000000002450000,0x0000000002550000)]

Other Threads:
  0x000000000a66a800 VMThread [stack: 0x000000000b740000,0x000000000b840000] [id=8624]

VM state:not at safepoint (normal execution)

VM Mutex/Monitor currently owned by a thread: None

Heap
 PSYoungGen      total 36864K, used 1269K [0x00000000d7200000, 0x00000000d9b00000, 0x0000000100000000)
  eden space 31744K, 4% used [0x00000000d7200000,0x00000000d733d788,0x00000000d9100000)
  from space 5120K, 0% used [0x00000000d9600000,0x00000000d9600000,0x00000000d9b00000)
  to   space 5120K, 0% used [0x00000000d9100000,0x00000000d9100000,0x00000000d9600000)
 ParOldGen       total 83456K, used 0K [0x0000000085600000, 0x000000008a780000, 0x00000000d7200000)
  object space 83456K, 0% used [0x0000000085600000,0x0000000085600000,0x000000008a780000)
 PSPermGen       total 21504K, used 2291K [0x0000000080400000, 0x0000000081900000, 0x0000000085600000)
  object space 21504K, 10% used [0x0000000080400000,0x000000008063ce50,0x0000000081900000)

Card table byte_map: [0x0000000005550000,0x0000000005950000] byte_map_base: 0x000000000514e000

Polling page: 0x0000000000310000

Code Cache  [0x0000000002550000, 0x00000000027c0000, 0x0000000005550000)
 total_blobs=154 nmethods=0 adapters=130 free_code_cache=48778Kb largest_free_block=49948864

Compilation events (0 events):
No events

GC Heap History (0 events):
No events

Deoptimization events (0 events):
No events

Internal exceptions (1 events):
Event: 0.084 Thread 0x00000000020ff000 Threw 0x00000000d7210808 at C:\re\jdk7u67\1368\hotspot\src\share\vm\prims\jni.cpp:3991

Events (10 events):
Event: 0.833 Executing VM operation: GetOrSetLocal
Event: 0.833 Executing VM operation: GetOrSetLocal done
Event: 0.895 Executing VM operation: GetOrSetLocal
Event: 0.895 Executing VM operation: GetOrSetLocal done
Event: 0.957 Executing VM operation: GetOrSetLocal
Event: 0.957 Executing VM operation: GetOrSetLocal done
Event: 0.957 Executing VM operation: GetOrSetLocal
Event: 0.957 Executing VM operation: GetOrSetLocal done
Event: 0.957 Executing VM operation: GetOrSetLocal
Event: 0.957 Executing VM operation: GetOrSetLocal done


Dynamic libraries:
0x000000013f110000 - 0x000000013f143000 	E:\Java\jdk1.7.0_67\bin\java.exe
0x0000000077480000 - 0x0000000077629000 	C:\Windows\SYSTEM32\ntdll.dll
0x0000000077120000 - 0x0000000077240000 	C:\Windows\system32\kernel32.dll
0x000007fefd100000 - 0x000007fefd16c000 	C:\Windows\system32\KERNELBASE.dll
0x000007feff520000 - 0x000007feff5fb000 	C:\Windows\system32\ADVAPI32.dll
0x000007fefe8d0000 - 0x000007fefe96f000 	C:\Windows\system32\msvcrt.dll
0x000007fefed70000 - 0x000007fefed8f000 	C:\Windows\SYSTEM32\sechost.dll
0x000007fefd900000 - 0x000007fefda2d000 	C:\Windows\system32\RPCRT4.dll
0x0000000077380000 - 0x000000007747a000 	C:\Windows\system32\USER32.dll
0x000007fefed00000 - 0x000007fefed67000 	C:\Windows\system32\GDI32.dll
0x000007fefd7f0000 - 0x000007fefd7fe000 	C:\Windows\system32\LPK.dll
0x000007fefd4f0000 - 0x000007fefd5ba000 	C:\Windows\system32\USP10.dll
0x000007fefbbe0000 - 0x000007fefbdd4000 	C:\Windows\WinSxS\amd64_microsoft.windows.common-controls_6595b64144ccf1df_6.0.7601.18837_none_fa3b1e3d17594757\COMCTL32.dll
0x000007fefebe0000 - 0x000007fefec51000 	C:\Windows\system32\SHLWAPI.dll
0x000007fefed90000 - 0x000007fefedbe000 	C:\Windows\system32\IMM32.DLL
0x000007feff3c0000 - 0x000007feff4c9000 	C:\Windows\system32\MSCTF.dll
0x000000005fd70000 - 0x000000005fe42000 	E:\Java\jdk1.7.0_67\jre\bin\msvcr100.dll
0x000000006e500000 - 0x000000006ecd2000 	E:\Java\jdk1.7.0_67\jre\bin\server\jvm.dll
0x000007feebda0000 - 0x000007feebda9000 	C:\Windows\system32\WSOCK32.dll
0x000007feff4d0000 - 0x000007feff51d000 	C:\Windows\system32\WS2_32.dll
0x000007fefefa0000 - 0x000007fefefa8000 	C:\Windows\system32\NSI.dll
0x000007fefd0b0000 - 0x000007fefd0eb000 	C:\Windows\system32\WINMM.dll
0x0000000077650000 - 0x0000000077657000 	C:\Windows\system32\PSAPI.DLL
0x0000000071110000 - 0x000000007111f000 	E:\Java\jdk1.7.0_67\jre\bin\verify.dll
0x0000000066dc0000 - 0x0000000066de8000 	E:\Java\jdk1.7.0_67\jre\bin\java.dll
0x0000000066d80000 - 0x0000000066db5000 	E:\Java\jdk1.7.0_67\jre\bin\jdwp.dll
0x000000006ceb0000 - 0x000000006ceb8000 	E:\Java\jdk1.7.0_67\jre\bin\npt.dll
0x000000006ced0000 - 0x000000006cee5000 	E:\Java\jdk1.7.0_67\jre\bin\zip.dll
0x000000006cea0000 - 0x000000006cea9000 	E:\Java\jdk1.7.0_67\jre\bin\dt_socket.dll
0x000007fefc790000 - 0x000007fefc7e5000 	C:\Windows\system32\mswsock.dll
0x000007fefc1a0000 - 0x000007fefc1a7000 	C:\Windows\System32\wshtcpip.dll
0x000007fef95e0000 - 0x000007fef9705000 	C:\Windows\system32\dbghelp.dll

VM Arguments:
jvm_args: -agentlib:jdwp=transport=dt_socket,address=127.0.0.1:54410,suspend=y,server=n -ea -Dfile.encoding=UTF-8 
java_command: com.intellij.rt.execution.junit.JUnitStarter -ideVersion5 DateUtil,testCal
Launcher Type: SUN_STANDARD

Environment Variables:
JAVA_HOME=E:\Java\jdk1.7.0_67
CLASSPATH=E:\prop
PATH=C:\Windows\system32;C:\Windows;C:\Windows\System32\Wbem;C:\Windows\System32\WindowsPowerShell\v1.0\;E:\Java\jdk1.7.0_67\bin;F:\database\mysql-5.6.16-winx64\bin;G:\program\maven\apache-maven-3.1.1\bin;C:\Program Files\TortoiseSVN\bin;C:\Program Files (x86)\Git\cmd
USERNAME=mgq
OS=Windows_NT
PROCESSOR_IDENTIFIER=Intel64 Family 6 Model 60 Stepping 3, GenuineIntel



---------------  S Y S T E M  ---------------

OS: Windows 7 , 64 bit Build 7601 Service Pack 1

CPU:total 4 (4 cores per cpu, 1 threads per core) family 6 model 60 stepping 3, cmov, cx8, fxsr, mmx, sse, sse2, sse3, ssse3, sse4.1, sse4.2, popcnt, avx, avx2, aes, erms, tsc, tscinvbit

Memory: 4k page, physical 8033352k(2673588k free), swap 16064868k(9629760k free)

vm_info: Java HotSpot(TM) 64-Bit Server VM (24.65-b04) for windows-amd64 JRE (1.7.0_67-b01), built on Jul 25 2014 08:55:00 by "java_re" with unknown MS VC++:1600

time: Tue Jan 12 16:26:31 2016
elapsed time: 1 seconds

